<?xml version="1.0" encoding="UTF-8"?>
<!-- Generated by org.testng.reporters.JUnitXMLReporter -->
<testsuite hostname="DESKTOP-RT3F0M1" name="Test" tests="1" failures="1" timestamp="8 Jul 2020 23:31:18 GMT" time="16.393" errors="0">
  <testcase name="login" time="5.041" classname="com.scripts.ActiTIME.TESTActitimeLogin">
    <failure type="java.lang.NullPointerException">
      <![CDATA[java.lang.NullPointerException
	at com.generics.ActiTIME.ExcelLibrary.getcellvalue(ExcelLibrary.java:14)
	at com.pages.ActiTIME.POMActitimeLoginPage.loginMethod(POMActitimeLoginPage.java:37)
	at com.scripts.ActiTIME.TESTActitimeLogin.login(TESTActitimeLogin.java:17)
... Removed 24 stack frames]]>
    </failure>
  </testcase> <!-- login -->
</testsuite> <!-- Test -->
