<?xml version="1.0" encoding="UTF-8"?>
<testng-results skipped="0" failed="1" total="1" passed="0">
  <reporter-output>
  </reporter-output>
  <suite name="Suite" duration-ms="16393" started-at="2020-07-08T23:31:01Z" finished-at="2020-07-08T23:31:18Z">
    <groups>
    </groups>
    <test name="Test" duration-ms="16393" started-at="2020-07-08T23:31:01Z" finished-at="2020-07-08T23:31:18Z">
      <class name="com.scripts.ActiTIME.TESTActitimeLogin">
        <test-method status="PASS" signature="openBrowser()[pri:0, instance:com.scripts.ActiTIME.TESTActitimeLogin@64616ca2]" name="openBrowser" is-config="true" duration-ms="11288" started-at="2020-07-08T19:31:01Z" finished-at="2020-07-08T19:31:12Z">
          <reporter-output>
          </reporter-output>
        </test-method> <!-- openBrowser -->
        <test-method status="FAIL" signature="login()[pri:0, instance:com.scripts.ActiTIME.TESTActitimeLogin@64616ca2]" name="login" duration-ms="5041" started-at="2020-07-08T19:31:12Z" finished-at="2020-07-08T19:31:17Z">
          <exception class="java.lang.NullPointerException">
            <full-stacktrace>
              <![CDATA[java.lang.NullPointerException
	at com.generics.ActiTIME.ExcelLibrary.getcellvalue(ExcelLibrary.java:14)
	at com.pages.ActiTIME.POMActitimeLoginPage.loginMethod(POMActitimeLoginPage.java:37)
	at com.scripts.ActiTIME.TESTActitimeLogin.login(TESTActitimeLogin.java:17)
	at sun.reflect.NativeMethodAccessorImpl.invoke0(Native Method)
	at sun.reflect.NativeMethodAccessorImpl.invoke(Unknown Source)
	at sun.reflect.DelegatingMethodAccessorImpl.invoke(Unknown Source)
	at java.lang.reflect.Method.invoke(Unknown Source)
	at org.testng.internal.MethodInvocationHelper.invokeMethod(MethodInvocationHelper.java:86)
	at org.testng.internal.Invoker.invokeMethod(Invoker.java:645)
	at org.testng.internal.Invoker.invokeTestMethod(Invoker.java:822)
	at org.testng.internal.Invoker.invokeTestMethods(Invoker.java:1130)
	at org.testng.internal.TestMethodWorker.invokeTestMethods(TestMethodWorker.java:129)
	at org.testng.internal.TestMethodWorker.run(TestMethodWorker.java:112)
	at org.testng.TestRunner.privateRun(TestRunner.java:782)
	at org.testng.TestRunner.run(TestRunner.java:632)
	at org.testng.SuiteRunner.runTest(SuiteRunner.java:366)
	at org.testng.SuiteRunner.runSequentially(SuiteRunner.java:361)
	at org.testng.SuiteRunner.privateRun(SuiteRunner.java:319)
	at org.testng.SuiteRunner.run(SuiteRunner.java:268)
	at org.testng.SuiteRunnerWorker.runSuite(SuiteRunnerWorker.java:52)
	at org.testng.SuiteRunnerWorker.run(SuiteRunnerWorker.java:86)
	at org.testng.TestNG.runSuitesSequentially(TestNG.java:1244)
	at org.testng.TestNG.runSuitesLocally(TestNG.java:1169)
	at org.testng.TestNG.run(TestNG.java:1064)
	at org.testng.remote.RemoteTestNG.run(RemoteTestNG.java:113)
	at org.testng.remote.RemoteTestNG.initAndRun(RemoteTestNG.java:206)
	at org.testng.remote.RemoteTestNG.main(RemoteTestNG.java:177)
]]>
            </full-stacktrace>
          </exception> <!-- java.lang.NullPointerException -->
          <reporter-output>
          </reporter-output>
        </test-method> <!-- login -->
        <test-method status="PASS" signature="closeBrowser()[pri:0, instance:com.scripts.ActiTIME.TESTActitimeLogin@64616ca2]" name="closeBrowser" is-config="true" duration-ms="0" started-at="2020-07-08T19:31:18Z" finished-at="2020-07-08T19:31:18Z">
          <reporter-output>
          </reporter-output>
        </test-method> <!-- closeBrowser -->
      </class> <!-- com.scripts.ActiTIME.TESTActitimeLogin -->
    </test> <!-- Test -->
  </suite> <!-- Suite -->
</testng-results>
